2024-10-25T00:02:44.962+01:00  INFO 14454 --- [oauth-server] [main] c.t.o.OauthServerApplicationTests        : Starting OauthServerApplicationTests using Java 23 with PID 14454 (started by trojan in /Users/trojan/Documents/Jekts1/Spring-React/LogIn/oauth-server)
2024-10-25T00:02:44.968+01:00  INFO 14454 --- [oauth-server] [main] c.t.o.OauthServerApplicationTests        : No active profile set, falling back to 1 default profile: "default"
2024-10-25T00:02:45.677+01:00  INFO 14454 --- [oauth-server] [main] c.t.oauthserver.config.SecurityConfig    : Configuring security filter chain
2024-10-25T00:02:45.683+01:00  INFO 14454 --- [oauth-server] [main] c.t.oauthserver.config.SecurityConfig    : Security filter chain configured
2024-10-25T00:02:45.875+01:00  INFO 14454 --- [oauth-server] [main] c.t.o.OauthServerApplicationTests        : Started OauthServerApplicationTests in 1.065 seconds (process running for 1.581)
2024-10-25T00:03:30.869+01:00  INFO 14673 --- [oauth-server] [main] c.t.oauthserver.OauthServerApplication   : Starting OauthServerApplication using Java 23 with PID 14673 (/Users/trojan/Documents/Jekts1/Spring-React/LogIn/oauth-server/target/classes started by trojan in /Users/trojan/Documents/Jekts1/Spring-React/LogIn/oauth-server)
2024-10-25T00:03:30.871+01:00  INFO 14673 --- [oauth-server] [main] c.t.oauthserver.OauthServerApplication   : No active profile set, falling back to 1 default profile: "default"
2024-10-25T00:03:31.326+01:00  INFO 14673 --- [oauth-server] [main] o.s.b.w.embedded.tomcat.TomcatWebServer  : Tomcat initialized with port 8081 (http)
2024-10-25T00:03:31.335+01:00  INFO 14673 --- [oauth-server] [main] o.apache.catalina.core.StandardService   : Starting service [Tomcat]
2024-10-25T00:03:31.335+01:00  INFO 14673 --- [oauth-server] [main] o.apache.catalina.core.StandardEngine    : Starting Servlet engine: [Apache Tomcat/10.1.30]
2024-10-25T00:03:31.359+01:00  INFO 14673 --- [oauth-server] [main] o.a.c.c.C.[Tomcat].[localhost].[/]       : Initializing Spring embedded WebApplicationContext
2024-10-25T00:03:31.359+01:00  INFO 14673 --- [oauth-server] [main] w.s.c.ServletWebServerApplicationContext : Root WebApplicationContext: initialization completed in 460 ms
2024-10-25T00:03:31.580+01:00  INFO 14673 --- [oauth-server] [main] c.t.oauthserver.config.SecurityConfig    : Configuring security filter chain
2024-10-25T00:03:31.584+01:00  INFO 14673 --- [oauth-server] [main] c.t.oauthserver.config.SecurityConfig    : Security filter chain configured
2024-10-25T00:03:31.717+01:00  INFO 14673 --- [oauth-server] [main] o.s.b.w.embedded.tomcat.TomcatWebServer  : Tomcat started on port 8081 (http) with context path '/'
2024-10-25T00:03:31.722+01:00  INFO 14673 --- [oauth-server] [main] c.t.oauthserver.OauthServerApplication   : Started OauthServerApplication in 1.027 seconds (process running for 1.179)
2024-10-25T00:04:17.335+01:00  INFO 14673 --- [oauth-server] [http-nio-8081-exec-1] o.a.c.c.C.[Tomcat].[localhost].[/]       : Initializing Spring DispatcherServlet 'dispatcherServlet'
2024-10-25T00:04:17.335+01:00  INFO 14673 --- [oauth-server] [http-nio-8081-exec-1] o.s.web.servlet.DispatcherServlet        : Initializing Servlet 'dispatcherServlet'
2024-10-25T00:04:17.337+01:00  INFO 14673 --- [oauth-server] [http-nio-8081-exec-1] o.s.web.servlet.DispatcherServlet        : Completed initialization in 2 ms
2024-10-25T00:08:58.729+01:00  INFO 15668 --- [oauth-server] [main] c.t.oauthserver.OauthServerApplication   : Starting OauthServerApplication using Java 23 with PID 15668 (/Users/trojan/Documents/Jekts1/Spring-React/LogIn/oauth-server/target/classes started by trojan in /Users/trojan/Documents/Jekts1/Spring-React/LogIn/oauth-server)
2024-10-25T00:08:58.731+01:00  INFO 15668 --- [oauth-server] [main] c.t.oauthserver.OauthServerApplication   : No active profile set, falling back to 1 default profile: "default"
2024-10-25T00:08:59.179+01:00  INFO 15668 --- [oauth-server] [main] o.s.b.w.embedded.tomcat.TomcatWebServer  : Tomcat initialized with port 8081 (http)
2024-10-25T00:08:59.188+01:00  INFO 15668 --- [oauth-server] [main] o.apache.catalina.core.StandardService   : Starting service [Tomcat]
2024-10-25T00:08:59.188+01:00  INFO 15668 --- [oauth-server] [main] o.apache.catalina.core.StandardEngine    : Starting Servlet engine: [Apache Tomcat/10.1.30]
2024-10-25T00:08:59.217+01:00  INFO 15668 --- [oauth-server] [main] o.a.c.c.C.[Tomcat].[localhost].[/]       : Initializing Spring embedded WebApplicationContext
2024-10-25T00:08:59.217+01:00  INFO 15668 --- [oauth-server] [main] w.s.c.ServletWebServerApplicationContext : Root WebApplicationContext: initialization completed in 459 ms
2024-10-25T00:08:59.434+01:00  INFO 15668 --- [oauth-server] [main] c.t.oauthserver.config.SecurityConfig    : Configuring security filter chain
2024-10-25T00:08:59.438+01:00  INFO 15668 --- [oauth-server] [main] c.t.oauthserver.config.SecurityConfig    : Security filter chain configured
2024-10-25T00:08:59.570+01:00  INFO 15668 --- [oauth-server] [main] o.s.b.w.embedded.tomcat.TomcatWebServer  : Tomcat started on port 8081 (http) with context path '/'
2024-10-25T00:08:59.575+01:00  INFO 15668 --- [oauth-server] [main] c.t.oauthserver.OauthServerApplication   : Started OauthServerApplication in 1.035 seconds (process running for 1.192)
2024-10-25T00:14:49.039+01:00  INFO 15668 --- [oauth-server] [http-nio-8081-exec-1] o.a.c.c.C.[Tomcat].[localhost].[/]       : Initializing Spring DispatcherServlet 'dispatcherServlet'
2024-10-25T00:14:49.041+01:00  INFO 15668 --- [oauth-server] [http-nio-8081-exec-1] o.s.web.servlet.DispatcherServlet        : Initializing Servlet 'dispatcherServlet'
2024-10-25T00:14:49.043+01:00  INFO 15668 --- [oauth-server] [http-nio-8081-exec-1] o.s.web.servlet.DispatcherServlet        : Completed initialization in 2 ms
2024-10-25T00:14:52.920+01:00  INFO 15668 --- [oauth-server] [http-nio-8081-exec-2] c.t.o.service.CustomOAuth2UserService    : Loading user from OAuth2 provider: google
2024-10-25T00:14:52.995+01:00  INFO 15668 --- [oauth-server] [http-nio-8081-exec-2] c.t.o.service.CustomOAuth2UserService    : User loaded with attributes: {sub=113292091920895001480, email_verified=true, provider=google, name=Shreyas R Prakash, given_name=Shreyas R, family_name=Prakash, picture=https://lh3.googleusercontent.com/a/ACg8ocKPIP8RJYWrLWn73-M-QsMABhSoOU1Y-DyH3_2ee4kYa1_fPeau=s96-c, email=shreyas.raviprakash@gmail.com}
2024-10-25T00:14:53.017+01:00  INFO 15668 --- [oauth-server] [http-nio-8081-exec-4] c.t.o.controller.JwtController           : Generating JWT for user: Shreyas R Prakash, email: shreyas.raviprakash@gmail.com, provider: google
2024-10-25T00:14:53.017+01:00  INFO 15668 --- [oauth-server] [http-nio-8081-exec-4] c.t.oauthserver.service.UserService      : Sending payload: {provider=google, userName=Shreyas R Prakash, email=shreyas.raviprakash@gmail.com}
2024-10-25T00:14:53.047+01:00  INFO 15668 --- [oauth-server] [http-nio-8081-exec-4] c.t.o.controller.JwtController           : JWT generated and added to cookie for user: Shreyas R Prakash
2024-10-25T00:16:33.105+01:00  INFO 15668 --- [oauth-server] [http-nio-8081-exec-9] c.t.o.service.CustomOAuth2UserService    : Loading user from OAuth2 provider: google
2024-10-25T00:16:33.180+01:00  INFO 15668 --- [oauth-server] [http-nio-8081-exec-9] c.t.o.service.CustomOAuth2UserService    : User loaded with attributes: {sub=113228516889518518544, email_verified=true, provider=google, name=Shreyas Raviprakash, given_name=Shreyas, family_name=Raviprakash, picture=https://lh3.googleusercontent.com/a/ACg8ocLoF8e2beIiC6TvjY0bZzqoRvxFCTRiH7wfjKL6qx2qk8c1ZA=s96-c, email=shreyas2877.raviprakash@gmail.com}
2024-10-25T00:16:33.190+01:00  INFO 15668 --- [oauth-server] [http-nio-8081-exec-10] c.t.o.controller.JwtController           : Generating JWT for user: Shreyas Raviprakash, email: shreyas2877.raviprakash@gmail.com, provider: google
2024-10-25T00:16:33.191+01:00  INFO 15668 --- [oauth-server] [http-nio-8081-exec-10] c.t.oauthserver.service.UserService      : Sending payload: {provider=google, userName=Shreyas Raviprakash, email=shreyas2877.raviprakash@gmail.com}
2024-10-25T00:16:33.209+01:00  INFO 15668 --- [oauth-server] [http-nio-8081-exec-10] c.t.o.controller.JwtController           : JWT generated and added to cookie for user: Shreyas Raviprakash
2024-10-25T00:18:35.274+01:00  INFO 16865 --- [oauth-server] [main] c.t.oauthserver.OauthServerApplication   : Starting OauthServerApplication using Java 23 with PID 16865 (/Users/trojan/Documents/Jekts1/Spring-React/LogIn/oauth-server/target/classes started by trojan in /Users/trojan/Documents/Jekts1/Spring-React/LogIn/oauth-server)
2024-10-25T00:18:35.276+01:00  INFO 16865 --- [oauth-server] [main] c.t.oauthserver.OauthServerApplication   : No active profile set, falling back to 1 default profile: "default"
2024-10-25T00:18:35.958+01:00  INFO 16865 --- [oauth-server] [main] o.s.b.w.embedded.tomcat.TomcatWebServer  : Tomcat initialized with port 8081 (http)
2024-10-25T00:18:35.966+01:00  INFO 16865 --- [oauth-server] [main] o.apache.catalina.core.StandardService   : Starting service [Tomcat]
2024-10-25T00:18:35.967+01:00  INFO 16865 --- [oauth-server] [main] o.apache.catalina.core.StandardEngine    : Starting Servlet engine: [Apache Tomcat/10.1.30]
2024-10-25T00:18:35.999+01:00  INFO 16865 --- [oauth-server] [main] o.a.c.c.C.[Tomcat].[localhost].[/]       : Initializing Spring embedded WebApplicationContext
2024-10-25T00:18:36.000+01:00  INFO 16865 --- [oauth-server] [main] w.s.c.ServletWebServerApplicationContext : Root WebApplicationContext: initialization completed in 684 ms
2024-10-25T00:18:36.296+01:00  INFO 16865 --- [oauth-server] [main] c.t.oauthserver.config.SecurityConfig    : Configuring security filter chain
2024-10-25T00:18:36.302+01:00  INFO 16865 --- [oauth-server] [main] c.t.oauthserver.config.SecurityConfig    : Security filter chain configured
2024-10-25T00:18:36.463+01:00  INFO 16865 --- [oauth-server] [main] o.s.b.w.embedded.tomcat.TomcatWebServer  : Tomcat started on port 8081 (http) with context path '/'
2024-10-25T00:18:36.469+01:00  INFO 16865 --- [oauth-server] [main] c.t.oauthserver.OauthServerApplication   : Started OauthServerApplication in 1.43 seconds (process running for 1.62)
2024-10-25T00:19:37.121+01:00  INFO 16865 --- [oauth-server] [http-nio-8081-exec-1] o.a.c.c.C.[Tomcat].[localhost].[/]       : Initializing Spring DispatcherServlet 'dispatcherServlet'
2024-10-25T00:19:37.122+01:00  INFO 16865 --- [oauth-server] [http-nio-8081-exec-1] o.s.web.servlet.DispatcherServlet        : Initializing Servlet 'dispatcherServlet'
2024-10-25T00:19:37.123+01:00  INFO 16865 --- [oauth-server] [http-nio-8081-exec-1] o.s.web.servlet.DispatcherServlet        : Completed initialization in 1 ms
2024-10-25T00:19:40.976+01:00  INFO 16865 --- [oauth-server] [http-nio-8081-exec-4] c.t.o.service.CustomOAuth2UserService    : Loading user from OAuth2 provider: google
2024-10-25T00:19:41.039+01:00  INFO 16865 --- [oauth-server] [http-nio-8081-exec-4] c.t.o.service.CustomOAuth2UserService    : User loaded with attributes: {sub=113228516889518518544, email_verified=true, provider=google, name=Shreyas Raviprakash, given_name=Shreyas, family_name=Raviprakash, picture=https://lh3.googleusercontent.com/a/ACg8ocLoF8e2beIiC6TvjY0bZzqoRvxFCTRiH7wfjKL6qx2qk8c1ZA=s96-c, email=shreyas2877.raviprakash@gmail.com}
2024-10-25T00:19:41.057+01:00  INFO 16865 --- [oauth-server] [http-nio-8081-exec-5] c.t.o.controller.JwtController           : Generating JWT for user: Shreyas Raviprakash, email: shreyas2877.raviprakash@gmail.com, provider: google
2024-10-25T00:19:41.057+01:00  INFO 16865 --- [oauth-server] [http-nio-8081-exec-5] c.t.oauthserver.service.UserService      : Sending payload: {provider=google, userName=Shreyas Raviprakash, email=shreyas2877.raviprakash@gmail.com}
2024-10-25T00:19:41.109+01:00  INFO 16865 --- [oauth-server] [http-nio-8081-exec-5] c.t.o.controller.JwtController           : JWT generated and added to cookie for user: Shreyas Raviprakash
